0 info it worked if it ends with ok
1 verbose cli [ '/usr/bin/node',
1 verbose cli   '/usr/bin/npm',
1 verbose cli   'i',
1 verbose cli   'marko@4.13.4.1',
1 verbose cli   '--save-exact' ]
2 info using npm@3.5.2
3 info using node@v8.10.0
4 silly loadCurrentTree Starting
5 silly install loadCurrentTree
6 silly install readLocalPackageData
7 silly fetchPackageMetaData marko@4.13.4.1
8 silly fetchNamedPackageData marko
9 silly mapToRegistry name marko
10 silly mapToRegistry using default registry
11 silly mapToRegistry registry https://registry.npmjs.org/
12 silly mapToRegistry uri https://registry.npmjs.org/marko
13 verbose request uri https://registry.npmjs.org/marko
14 verbose request no auth needed
15 info attempt registry request try #1 at 17:12:49
16 verbose request id 04e62c28c626ffbd
17 verbose etag W/"22fbdec878b3efb7c4568ed894070a94"
18 verbose lastModified Tue, 05 Nov 2019 21:02:21 GMT
19 http request GET https://registry.npmjs.org/marko
20 http 304 https://registry.npmjs.org/marko
21 verbose headers { date: 'Tue, 05 Nov 2019 21:12:50 GMT',
21 verbose headers   connection: 'keep-alive',
21 verbose headers   'set-cookie':
21 verbose headers    [ '__cfduid=d161b0523945b742ea96e600f4562e0ca1572988370; expires=Wed, 04-Nov-20 21:12:50 GMT; path=/; domain=.npmjs.org; HttpOnly' ],
21 verbose headers   'cf-cache-status': 'HIT',
21 verbose headers   'cache-control': 'max-age=300',
21 verbose headers   'cf-ray': '5311d401baf4db90-GIG',
21 verbose headers   age: '30',
21 verbose headers   etag: '"22fbdec878b3efb7c4568ed894070a94"',
21 verbose headers   'expect-ct': 'max-age=604800, report-uri="https://report-uri.cloudflare.com/cdn-cgi/beacon/expect-ct"',
21 verbose headers   'last-modified': 'Tue, 05 Nov 2019 21:02:21 GMT',
21 verbose headers   vary: 'accept-encoding, accept',
21 verbose headers   'x-amz-meta-rev': '661-5023bd43a3e09e29d8c9e2eb11d92643',
21 verbose headers   server: 'cloudflare' }
22 silly get cb [ 304,
22 silly get   { date: 'Tue, 05 Nov 2019 21:12:50 GMT',
22 silly get     connection: 'keep-alive',
22 silly get     'set-cookie':
22 silly get      [ '__cfduid=d161b0523945b742ea96e600f4562e0ca1572988370; expires=Wed, 04-Nov-20 21:12:50 GMT; path=/; domain=.npmjs.org; HttpOnly' ],
22 silly get     'cf-cache-status': 'HIT',
22 silly get     'cache-control': 'max-age=300',
22 silly get     'cf-ray': '5311d401baf4db90-GIG',
22 silly get     age: '30',
22 silly get     etag: '"22fbdec878b3efb7c4568ed894070a94"',
22 silly get     'expect-ct': 'max-age=604800, report-uri="https://report-uri.cloudflare.com/cdn-cgi/beacon/expect-ct"',
22 silly get     'last-modified': 'Tue, 05 Nov 2019 21:02:21 GMT',
22 silly get     vary: 'accept-encoding, accept',
22 silly get     'x-amz-meta-rev': '661-5023bd43a3e09e29d8c9e2eb11d92643',
22 silly get     server: 'cloudflare' } ]
23 verbose etag https://registry.npmjs.org/marko from cache
24 verbose get saving marko to /home/samantha/.npm/registry.npmjs.org/marko/.cache.json
25 silly fetchPackageMetaData Error: No compatible version found: marko@4.13.4.1
25 silly fetchPackageMetaData Valid install targets:
25 silly fetchPackageMetaData 4.18.24, 4.18.23, 4.18.22, 4.18.21, 4.18.20, 4.18.19, 4.18.18, 4.18.17, 4.18.16, 4.18.15, 4.18.14, 4.18.13, 4.18.12, 4.18.11, 4.18.10, 4.18.9, 4.18.8, 4.18.7, 4.18.6, 4.18.5, 4.18.4, 4.18.3, 4.18.2, 4.18.1, 4.18.0, 4.17.5, 4.17.4, 4.17.3, 4.17.2, 4.17.1, 4.17.0, 4.16.15, 4.16.14, 4.16.13, 4.16.12, 4.16.11, 4.16.10, 4.16.9, 4.16.8, 4.16.7, 4.16.6, 4.16.5, 4.16.4, 4.16.3, 4.16.2, 4.16.1, 4.16.0, 4.15.6, 4.15.5, 4.15.4, 4.15.3, 4.15.2, 4.15.1, 4.15.0, 4.14.25, 4.14.25-1, 4.14.25-0, 4.14.24, 4.14.23, 4.14.22, 4.14.22-0, 4.14.21, 4.14.20, 4.14.19, 4.14.18, 4.14.17, 4.14.16, 4.14.15, 4.14.14, 4.14.13, 4.14.12, 4.14.11, 4.14.10, 4.14.9, 4.14.8, 4.14.7, 4.14.6, 4.14.5, 4.14.4, 4.14.3, 4.14.2, 4.14.1, 4.14.0, 4.13.13, 4.13.12, 4.13.11, 4.13.10, 4.13.9, 4.13.8, 4.13.7, 4.13.6, 4.13.6-1, 4.13.6-0, 4.13.5, 4.13.4, 4.13.4-4, 4.13.4-3, 4.13.4-1, 4.13.4-0, 4.13.3, 4.13.2, 4.13.1, 4.13.0, 4.12.5, 4.12.5-2, 4.12.5-0, 4.12.4, 4.12.3, 4.12.3-0, 4.12.2, 4.12.1, 4.12.0, 4.11.5, 4.11.4, 4.11.4-rc.1, 4.11.3, 4.11.2, 4.11.1, 4.11.0, 4.10.1, 4.10.0, 4.9.7, 4.9.6, 4.9.5, 4.9.4, 4.9.3, 4.9.2, 4.9.1, 4.9.0, 4.8.0, 4.7.5, 4.7.4, 4.7.3, 4.7.2, 4.7.1, 4.7.0, 4.6.0, 4.5.6, 4.5.5, 4.5.4, 4.5.3, 4.5.3-2, 4.5.3-1, 4.5.3-0, 4.5.2, 4.5.1, 4.5.0, 4.5.0-beta.5, 4.5.0-beta.4, 4.5.0-beta.3, 4.5.0-beta.2, 4.5.0-beta.1, 4.5.0-beta.0, 4.5.0-alpha.0, 4.4.28, 4.4.27, 4.4.26, 4.4.25, 4.4.24, 4.4.23, 4.4.22, 4.4.21, 4.4.20, 4.4.19, 4.4.18, 4.4.17, 4.4.16, 4.4.15, 4.4.14, 4.4.13, 4.4.12, 4.4.11, 4.4.10, 4.4.9, 4.4.8, 4.4.7, 4.4.6, 4.4.5, 4.4.4, 4.4.3, 4.4.2, 4.4.1, 4.3.1, 4.3.0, 4.3.0-beta.4, 4.3.0-beta.3, 4.3.0-beta.2, 4.3.0-beta.1, 4.3.0-beta.0, 4.3.0-beta, 4.2.8, 4.2.7, 4.2.6, 4.2.5, 4.2.4, 4.2.3, 4.2.2, 4.2.1, 4.2.0, 4.1.3, 4.1.2, 4.1.1, 4.1.0, 4.0.1, 4.0.0, 4.0.0-rc.24, 4.0.0-rc.23, 4.0.0-rc.22, 4.0.0-rc.21, 4.0.0-rc.20, 4.0.0-rc.19, 4.0.0-rc.18, 4.0.0-rc.17, 4.0.0-rc.16, 4.0.0-rc.15, 4.0.0-rc.14, 4.0.0-rc.13, 4.0.0-rc.12, 4.0.0-rc.11, 4.0.0-rc.10, 4.0.0-rc.9, 4.0.0-rc.8, 4.0.0-rc.7, 4.0.0-rc.6, 4.0.0-rc.5, 4.0.0-rc.4, 4.0.0-rc.3, 4.0.0-rc.2, 4.0.0-rc.1, 4.0.0-rc.0, 4.0.0-beta.17, 4.0.0-beta.16, 4.0.0-beta.15, 4.0.0-beta.14, 4.0.0-beta.13, 4.0.0-beta.12, 4.0.0-beta.11, 4.0.0-beta.10, 4.0.0-beta.9, 4.0.0-beta.8, 4.0.0-beta.7, 4.0.0-beta.6, 4.0.0-beta.5, 4.0.0-beta.4, 4.0.0-beta.3, 4.0.0-beta.2, 4.0.0-beta.1, 4.0.0-beta.0, 3.14.4, 3.14.3, 3.14.2, 3.14.1, 3.14.0, 3.13.2, 3.13.1, 3.13.0, 3.12.1, 3.12.0, 3.11.8, 3.11.7, 3.11.6, 3.11.5, 3.11.4, 3.11.3, 3.11.2, 3.11.1, 3.11.0, 3.10.1, 3.10.0, 3.9.4, 3.9.3, 3.9.2, 3.9.1, 3.9.0, 3.8.1, 3.8.0, 3.7.4, 3.7.3, 3.7.2, 3.7.1, 3.7.0, 3.6.2, 3.6.1, 3.6.0, 3.5.1, 3.5.0, 3.4.9, 3.4.8, 3.4.7, 3.4.6, 3.4.5, 3.4.4, 3.4.3, 3.4.2, 3.4.1, 3.4.0, 3.3.0, 3.2.0, 3.1.9, 3.1.8, 3.1.7, 3.1.6, 3.1.5, 3.1.4, 3.1.3, 3.1.2, 3.1.1, 3.1.0, 3.0.7, 3.0.6, 3.0.5, 3.0.4, 3.0.3, 3.0.2, 3.0.1, 3.0.0, 3.0.0-rc.3, 3.0.0-rc.2, 3.0.0-rc.1, 3.0.0-alpha.2, 3.0.0-alpha.1, 2.11.1, 2.11.0, 2.10.1, 2.10.0, 2.9.1, 2.9.0, 2.8.4, 2.8.3, 2.8.2, 2.8.1, 2.8.0, 2.7.31, 2.7.30, 2.7.29, 2.7.28, 2.7.27, 2.7.26, 2.7.25, 2.7.24, 2.7.23, 2.7.22, 2.7.21, 2.7.20, 2.7.19, 2.7.18, 2.7.17, 2.7.16, 2.7.15, 2.7.14, 2.7.13, 2.7.12, 2.7.11, 2.7.10, 2.7.9, 2.7.8, 2.7.7, 2.7.6, 2.7.5, 2.7.4, 2.7.3, 2.7.2, 2.7.1, 2.7.0, 2.6.0, 2.5.2, 2.5.1, 2.5.0, 2.4.3, 2.4.2, 2.4.1, 2.4.0, 2.3.2, 2.3.1, 2.3.0, 2.2.2, 2.2.1, 2.2.0, 2.1.6, 2.1.5, 2.1.4, 2.1.3, 2.1.2, 2.1.1, 2.1.0, 2.0.12, 2.0.11, 2.0.10, 2.0.9, 2.0.8, 2.0.7, 2.0.6, 2.0.5, 2.0.4, 2.0.3, 2.0.2, 2.0.1, 2.0.0, 1.6.11, 1.6.10, 1.6.9, 1.6.8, 1.6.7, 1.6.6, 1.6.5, 1.6.4, 1.6.3, 1.6.2, 1.6.1, 1.6.0, 1.5.8, 1.5.7, 1.5.6, 1.5.5, 1.5.4, 1.5.3, 1.5.2, 1.5.1, 1.4.0, 1.3.27, 1.3.26, 1.3.25, 1.3.24, 1.3.23, 1.3.22, 1.3.21, 1.3.20, 1.3.19, 1.3.18, 1.3.17, 1.3.16, 1.3.15, 1.3.14, 1.3.13, 1.3.12, 1.3.11, 1.3.10, 1.3.9, 1.3.8, 1.3.7, 1.3.6, 1.3.5, 1.3.4, 1.3.3, 1.3.2, 1.3.1, 1.3.0, 1.2.23, 1.2.22, 1.2.21, 1.2.20, 1.2.19, 1.2.18, 1.2.17, 1.2.16, 1.2.15, 1.2.14, 1.2.13, 1.2.12, 1.2.11, 1.2.10, 1.2.9, 1.2.8, 1.2.7, 1.2.6, 1.2.5, 1.2.4, 1.2.3, 1.2.2, 1.2.1, 1.2.0, 1.0.1-beta, 1.0.0-beta
25 silly fetchPackageMetaData
25 silly fetchPackageMetaData     at pickVersionFromRegistryDocument (/usr/share/npm/lib/fetch-package-metadata.js:156:16)
25 silly fetchPackageMetaData     at /usr/share/npm/node_modules/iferr/index.js:13:50
25 silly fetchPackageMetaData     at /usr/share/npm/lib/utils/pulse-till-done.js:19:8
25 silly fetchPackageMetaData     at saved (/usr/share/npm/lib/cache/caching-client.js:168:7)
25 silly fetchPackageMetaData     at /usr/share/npm/node_modules/graceful-fs/polyfills.js:210:7
25 silly fetchPackageMetaData     at FSReqWrap.oncomplete (fs.js:135:15)
25 silly fetchPackageMetaData  error for marko@4.13.4.1 Error: No compatible version found: marko@4.13.4.1
25 silly fetchPackageMetaData Valid install targets:
25 silly fetchPackageMetaData 4.18.24, 4.18.23, 4.18.22, 4.18.21, 4.18.20, 4.18.19, 4.18.18, 4.18.17, 4.18.16, 4.18.15, 4.18.14, 4.18.13, 4.18.12, 4.18.11, 4.18.10, 4.18.9, 4.18.8, 4.18.7, 4.18.6, 4.18.5, 4.18.4, 4.18.3, 4.18.2, 4.18.1, 4.18.0, 4.17.5, 4.17.4, 4.17.3, 4.17.2, 4.17.1, 4.17.0, 4.16.15, 4.16.14, 4.16.13, 4.16.12, 4.16.11, 4.16.10, 4.16.9, 4.16.8, 4.16.7, 4.16.6, 4.16.5, 4.16.4, 4.16.3, 4.16.2, 4.16.1, 4.16.0, 4.15.6, 4.15.5, 4.15.4, 4.15.3, 4.15.2, 4.15.1, 4.15.0, 4.14.25, 4.14.25-1, 4.14.25-0, 4.14.24, 4.14.23, 4.14.22, 4.14.22-0, 4.14.21, 4.14.20, 4.14.19, 4.14.18, 4.14.17, 4.14.16, 4.14.15, 4.14.14, 4.14.13, 4.14.12, 4.14.11, 4.14.10, 4.14.9, 4.14.8, 4.14.7, 4.14.6, 4.14.5, 4.14.4, 4.14.3, 4.14.2, 4.14.1, 4.14.0, 4.13.13, 4.13.12, 4.13.11, 4.13.10, 4.13.9, 4.13.8, 4.13.7, 4.13.6, 4.13.6-1, 4.13.6-0, 4.13.5, 4.13.4, 4.13.4-4, 4.13.4-3, 4.13.4-1, 4.13.4-0, 4.13.3, 4.13.2, 4.13.1, 4.13.0, 4.12.5, 4.12.5-2, 4.12.5-0, 4.12.4, 4.12.3, 4.12.3-0, 4.12.2, 4.12.1, 4.12.0, 4.11.5, 4.11.4, 4.11.4-rc.1, 4.11.3, 4.11.2, 4.11.1, 4.11.0, 4.10.1, 4.10.0, 4.9.7, 4.9.6, 4.9.5, 4.9.4, 4.9.3, 4.9.2, 4.9.1, 4.9.0, 4.8.0, 4.7.5, 4.7.4, 4.7.3, 4.7.2, 4.7.1, 4.7.0, 4.6.0, 4.5.6, 4.5.5, 4.5.4, 4.5.3, 4.5.3-2, 4.5.3-1, 4.5.3-0, 4.5.2, 4.5.1, 4.5.0, 4.5.0-beta.5, 4.5.0-beta.4, 4.5.0-beta.3, 4.5.0-beta.2, 4.5.0-beta.1, 4.5.0-beta.0, 4.5.0-alpha.0, 4.4.28, 4.4.27, 4.4.26, 4.4.25, 4.4.24, 4.4.23, 4.4.22, 4.4.21, 4.4.20, 4.4.19, 4.4.18, 4.4.17, 4.4.16, 4.4.15, 4.4.14, 4.4.13, 4.4.12, 4.4.11, 4.4.10, 4.4.9, 4.4.8, 4.4.7, 4.4.6, 4.4.5, 4.4.4, 4.4.3, 4.4.2, 4.4.1, 4.3.1, 4.3.0, 4.3.0-beta.4, 4.3.0-beta.3, 4.3.0-beta.2, 4.3.0-beta.1, 4.3.0-beta.0, 4.3.0-beta, 4.2.8, 4.2.7, 4.2.6, 4.2.5, 4.2.4, 4.2.3, 4.2.2, 4.2.1, 4.2.0, 4.1.3, 4.1.2, 4.1.1, 4.1.0, 4.0.1, 4.0.0, 4.0.0-rc.24, 4.0.0-rc.23, 4.0.0-rc.22, 4.0.0-rc.21, 4.0.0-rc.20, 4.0.0-rc.19, 4.0.0-rc.18, 4.0.0-rc.17, 4.0.0-rc.16, 4.0.0-rc.15, 4.0.0-rc.14, 4.0.0-rc.13, 4.0.0-rc.12, 4.0.0-rc.11, 4.0.0-rc.10, 4.0.0-rc.9, 4.0.0-rc.8, 4.0.0-rc.7, 4.0.0-rc.6, 4.0.0-rc.5, 4.0.0-rc.4, 4.0.0-rc.3, 4.0.0-rc.2, 4.0.0-rc.1, 4.0.0-rc.0, 4.0.0-beta.17, 4.0.0-beta.16, 4.0.0-beta.15, 4.0.0-beta.14, 4.0.0-beta.13, 4.0.0-beta.12, 4.0.0-beta.11, 4.0.0-beta.10, 4.0.0-beta.9, 4.0.0-beta.8, 4.0.0-beta.7, 4.0.0-beta.6, 4.0.0-beta.5, 4.0.0-beta.4, 4.0.0-beta.3, 4.0.0-beta.2, 4.0.0-beta.1, 4.0.0-beta.0, 3.14.4, 3.14.3, 3.14.2, 3.14.1, 3.14.0, 3.13.2, 3.13.1, 3.13.0, 3.12.1, 3.12.0, 3.11.8, 3.11.7, 3.11.6, 3.11.5, 3.11.4, 3.11.3, 3.11.2, 3.11.1, 3.11.0, 3.10.1, 3.10.0, 3.9.4, 3.9.3, 3.9.2, 3.9.1, 3.9.0, 3.8.1, 3.8.0, 3.7.4, 3.7.3, 3.7.2, 3.7.1, 3.7.0, 3.6.2, 3.6.1, 3.6.0, 3.5.1, 3.5.0, 3.4.9, 3.4.8, 3.4.7, 3.4.6, 3.4.5, 3.4.4, 3.4.3, 3.4.2, 3.4.1, 3.4.0, 3.3.0, 3.2.0, 3.1.9, 3.1.8, 3.1.7, 3.1.6, 3.1.5, 3.1.4, 3.1.3, 3.1.2, 3.1.1, 3.1.0, 3.0.7, 3.0.6, 3.0.5, 3.0.4, 3.0.3, 3.0.2, 3.0.1, 3.0.0, 3.0.0-rc.3, 3.0.0-rc.2, 3.0.0-rc.1, 3.0.0-alpha.2, 3.0.0-alpha.1, 2.11.1, 2.11.0, 2.10.1, 2.10.0, 2.9.1, 2.9.0, 2.8.4, 2.8.3, 2.8.2, 2.8.1, 2.8.0, 2.7.31, 2.7.30, 2.7.29, 2.7.28, 2.7.27, 2.7.26, 2.7.25, 2.7.24, 2.7.23, 2.7.22, 2.7.21, 2.7.20, 2.7.19, 2.7.18, 2.7.17, 2.7.16, 2.7.15, 2.7.14, 2.7.13, 2.7.12, 2.7.11, 2.7.10, 2.7.9, 2.7.8, 2.7.7, 2.7.6, 2.7.5, 2.7.4, 2.7.3, 2.7.2, 2.7.1, 2.7.0, 2.6.0, 2.5.2, 2.5.1, 2.5.0, 2.4.3, 2.4.2, 2.4.1, 2.4.0, 2.3.2, 2.3.1, 2.3.0, 2.2.2, 2.2.1, 2.2.0, 2.1.6, 2.1.5, 2.1.4, 2.1.3, 2.1.2, 2.1.1, 2.1.0, 2.0.12, 2.0.11, 2.0.10, 2.0.9, 2.0.8, 2.0.7, 2.0.6, 2.0.5, 2.0.4, 2.0.3, 2.0.2, 2.0.1, 2.0.0, 1.6.11, 1.6.10, 1.6.9, 1.6.8, 1.6.7, 1.6.6, 1.6.5, 1.6.4, 1.6.3, 1.6.2, 1.6.1, 1.6.0, 1.5.8, 1.5.7, 1.5.6, 1.5.5, 1.5.4, 1.5.3, 1.5.2, 1.5.1, 1.4.0, 1.3.27, 1.3.26, 1.3.25, 1.3.24, 1.3.23, 1.3.22, 1.3.21, 1.3.20, 1.3.19, 1.3.18, 1.3.17, 1.3.16, 1.3.15, 1.3.14, 1.3.13, 1.3.12, 1.3.11, 1.3.10, 1.3.9, 1.3.8, 1.3.7, 1.3.6, 1.3.5, 1.3.4, 1.3.3, 1.3.2, 1.3.1, 1.3.0, 1.2.23, 1.2.22, 1.2.21, 1.2.20, 1.2.19, 1.2.18, 1.2.17, 1.2.16, 1.2.15, 1.2.14, 1.2.13, 1.2.12, 1.2.11, 1.2.10, 1.2.9, 1.2.8, 1.2.7, 1.2.6, 1.2.5, 1.2.4, 1.2.3, 1.2.2, 1.2.1, 1.2.0, 1.0.1-beta, 1.0.0-beta
25 silly fetchPackageMetaData
25 silly fetchPackageMetaData     at pickVersionFromRegistryDocument (/usr/share/npm/lib/fetch-package-metadata.js:156:16)
25 silly fetchPackageMetaData     at /usr/share/npm/node_modules/iferr/index.js:13:50
25 silly fetchPackageMetaData     at /usr/share/npm/lib/utils/pulse-till-done.js:19:8
25 silly fetchPackageMetaData     at saved (/usr/share/npm/lib/cache/caching-client.js:168:7)
25 silly fetchPackageMetaData     at /usr/share/npm/node_modules/graceful-fs/polyfills.js:210:7
25 silly fetchPackageMetaData     at FSReqWrap.oncomplete (fs.js:135:15)
26 silly rollbackFailedOptional Starting
27 silly rollbackFailedOptional Finishing
28 silly runTopLevelLifecycles Starting
29 silly runTopLevelLifecycles Finishing
30 silly install printInstalled
31 verbose stack Error: No compatible version found: marko@4.13.4.1
31 verbose stack Valid install targets:
31 verbose stack 4.18.24, 4.18.23, 4.18.22, 4.18.21, 4.18.20, 4.18.19, 4.18.18, 4.18.17, 4.18.16, 4.18.15, 4.18.14, 4.18.13, 4.18.12, 4.18.11, 4.18.10, 4.18.9, 4.18.8, 4.18.7, 4.18.6, 4.18.5, 4.18.4, 4.18.3, 4.18.2, 4.18.1, 4.18.0, 4.17.5, 4.17.4, 4.17.3, 4.17.2, 4.17.1, 4.17.0, 4.16.15, 4.16.14, 4.16.13, 4.16.12, 4.16.11, 4.16.10, 4.16.9, 4.16.8, 4.16.7, 4.16.6, 4.16.5, 4.16.4, 4.16.3, 4.16.2, 4.16.1, 4.16.0, 4.15.6, 4.15.5, 4.15.4, 4.15.3, 4.15.2, 4.15.1, 4.15.0, 4.14.25, 4.14.25-1, 4.14.25-0, 4.14.24, 4.14.23, 4.14.22, 4.14.22-0, 4.14.21, 4.14.20, 4.14.19, 4.14.18, 4.14.17, 4.14.16, 4.14.15, 4.14.14, 4.14.13, 4.14.12, 4.14.11, 4.14.10, 4.14.9, 4.14.8, 4.14.7, 4.14.6, 4.14.5, 4.14.4, 4.14.3, 4.14.2, 4.14.1, 4.14.0, 4.13.13, 4.13.12, 4.13.11, 4.13.10, 4.13.9, 4.13.8, 4.13.7, 4.13.6, 4.13.6-1, 4.13.6-0, 4.13.5, 4.13.4, 4.13.4-4, 4.13.4-3, 4.13.4-1, 4.13.4-0, 4.13.3, 4.13.2, 4.13.1, 4.13.0, 4.12.5, 4.12.5-2, 4.12.5-0, 4.12.4, 4.12.3, 4.12.3-0, 4.12.2, 4.12.1, 4.12.0, 4.11.5, 4.11.4, 4.11.4-rc.1, 4.11.3, 4.11.2, 4.11.1, 4.11.0, 4.10.1, 4.10.0, 4.9.7, 4.9.6, 4.9.5, 4.9.4, 4.9.3, 4.9.2, 4.9.1, 4.9.0, 4.8.0, 4.7.5, 4.7.4, 4.7.3, 4.7.2, 4.7.1, 4.7.0, 4.6.0, 4.5.6, 4.5.5, 4.5.4, 4.5.3, 4.5.3-2, 4.5.3-1, 4.5.3-0, 4.5.2, 4.5.1, 4.5.0, 4.5.0-beta.5, 4.5.0-beta.4, 4.5.0-beta.3, 4.5.0-beta.2, 4.5.0-beta.1, 4.5.0-beta.0, 4.5.0-alpha.0, 4.4.28, 4.4.27, 4.4.26, 4.4.25, 4.4.24, 4.4.23, 4.4.22, 4.4.21, 4.4.20, 4.4.19, 4.4.18, 4.4.17, 4.4.16, 4.4.15, 4.4.14, 4.4.13, 4.4.12, 4.4.11, 4.4.10, 4.4.9, 4.4.8, 4.4.7, 4.4.6, 4.4.5, 4.4.4, 4.4.3, 4.4.2, 4.4.1, 4.3.1, 4.3.0, 4.3.0-beta.4, 4.3.0-beta.3, 4.3.0-beta.2, 4.3.0-beta.1, 4.3.0-beta.0, 4.3.0-beta, 4.2.8, 4.2.7, 4.2.6, 4.2.5, 4.2.4, 4.2.3, 4.2.2, 4.2.1, 4.2.0, 4.1.3, 4.1.2, 4.1.1, 4.1.0, 4.0.1, 4.0.0, 4.0.0-rc.24, 4.0.0-rc.23, 4.0.0-rc.22, 4.0.0-rc.21, 4.0.0-rc.20, 4.0.0-rc.19, 4.0.0-rc.18, 4.0.0-rc.17, 4.0.0-rc.16, 4.0.0-rc.15, 4.0.0-rc.14, 4.0.0-rc.13, 4.0.0-rc.12, 4.0.0-rc.11, 4.0.0-rc.10, 4.0.0-rc.9, 4.0.0-rc.8, 4.0.0-rc.7, 4.0.0-rc.6, 4.0.0-rc.5, 4.0.0-rc.4, 4.0.0-rc.3, 4.0.0-rc.2, 4.0.0-rc.1, 4.0.0-rc.0, 4.0.0-beta.17, 4.0.0-beta.16, 4.0.0-beta.15, 4.0.0-beta.14, 4.0.0-beta.13, 4.0.0-beta.12, 4.0.0-beta.11, 4.0.0-beta.10, 4.0.0-beta.9, 4.0.0-beta.8, 4.0.0-beta.7, 4.0.0-beta.6, 4.0.0-beta.5, 4.0.0-beta.4, 4.0.0-beta.3, 4.0.0-beta.2, 4.0.0-beta.1, 4.0.0-beta.0, 3.14.4, 3.14.3, 3.14.2, 3.14.1, 3.14.0, 3.13.2, 3.13.1, 3.13.0, 3.12.1, 3.12.0, 3.11.8, 3.11.7, 3.11.6, 3.11.5, 3.11.4, 3.11.3, 3.11.2, 3.11.1, 3.11.0, 3.10.1, 3.10.0, 3.9.4, 3.9.3, 3.9.2, 3.9.1, 3.9.0, 3.8.1, 3.8.0, 3.7.4, 3.7.3, 3.7.2, 3.7.1, 3.7.0, 3.6.2, 3.6.1, 3.6.0, 3.5.1, 3.5.0, 3.4.9, 3.4.8, 3.4.7, 3.4.6, 3.4.5, 3.4.4, 3.4.3, 3.4.2, 3.4.1, 3.4.0, 3.3.0, 3.2.0, 3.1.9, 3.1.8, 3.1.7, 3.1.6, 3.1.5, 3.1.4, 3.1.3, 3.1.2, 3.1.1, 3.1.0, 3.0.7, 3.0.6, 3.0.5, 3.0.4, 3.0.3, 3.0.2, 3.0.1, 3.0.0, 3.0.0-rc.3, 3.0.0-rc.2, 3.0.0-rc.1, 3.0.0-alpha.2, 3.0.0-alpha.1, 2.11.1, 2.11.0, 2.10.1, 2.10.0, 2.9.1, 2.9.0, 2.8.4, 2.8.3, 2.8.2, 2.8.1, 2.8.0, 2.7.31, 2.7.30, 2.7.29, 2.7.28, 2.7.27, 2.7.26, 2.7.25, 2.7.24, 2.7.23, 2.7.22, 2.7.21, 2.7.20, 2.7.19, 2.7.18, 2.7.17, 2.7.16, 2.7.15, 2.7.14, 2.7.13, 2.7.12, 2.7.11, 2.7.10, 2.7.9, 2.7.8, 2.7.7, 2.7.6, 2.7.5, 2.7.4, 2.7.3, 2.7.2, 2.7.1, 2.7.0, 2.6.0, 2.5.2, 2.5.1, 2.5.0, 2.4.3, 2.4.2, 2.4.1, 2.4.0, 2.3.2, 2.3.1, 2.3.0, 2.2.2, 2.2.1, 2.2.0, 2.1.6, 2.1.5, 2.1.4, 2.1.3, 2.1.2, 2.1.1, 2.1.0, 2.0.12, 2.0.11, 2.0.10, 2.0.9, 2.0.8, 2.0.7, 2.0.6, 2.0.5, 2.0.4, 2.0.3, 2.0.2, 2.0.1, 2.0.0, 1.6.11, 1.6.10, 1.6.9, 1.6.8, 1.6.7, 1.6.6, 1.6.5, 1.6.4, 1.6.3, 1.6.2, 1.6.1, 1.6.0, 1.5.8, 1.5.7, 1.5.6, 1.5.5, 1.5.4, 1.5.3, 1.5.2, 1.5.1, 1.4.0, 1.3.27, 1.3.26, 1.3.25, 1.3.24, 1.3.23, 1.3.22, 1.3.21, 1.3.20, 1.3.19, 1.3.18, 1.3.17, 1.3.16, 1.3.15, 1.3.14, 1.3.13, 1.3.12, 1.3.11, 1.3.10, 1.3.9, 1.3.8, 1.3.7, 1.3.6, 1.3.5, 1.3.4, 1.3.3, 1.3.2, 1.3.1, 1.3.0, 1.2.23, 1.2.22, 1.2.21, 1.2.20, 1.2.19, 1.2.18, 1.2.17, 1.2.16, 1.2.15, 1.2.14, 1.2.13, 1.2.12, 1.2.11, 1.2.10, 1.2.9, 1.2.8, 1.2.7, 1.2.6, 1.2.5, 1.2.4, 1.2.3, 1.2.2, 1.2.1, 1.2.0, 1.0.1-beta, 1.0.0-beta
31 verbose stack
31 verbose stack     at pickVersionFromRegistryDocument (/usr/share/npm/lib/fetch-package-metadata.js:156:16)
31 verbose stack     at /usr/share/npm/node_modules/iferr/index.js:13:50
31 verbose stack     at /usr/share/npm/lib/utils/pulse-till-done.js:19:8
31 verbose stack     at saved (/usr/share/npm/lib/cache/caching-client.js:168:7)
31 verbose stack     at /usr/share/npm/node_modules/graceful-fs/polyfills.js:210:7
31 verbose stack     at FSReqWrap.oncomplete (fs.js:135:15)
32 verbose cwd /home/samantha/Projects/nodejs-basic
33 error Linux 4.15.0-65-generic
34 error argv "/usr/bin/node" "/usr/bin/npm" "i" "marko@4.13.4.1" "--save-exact"
35 error node v8.10.0
36 error npm  v3.5.2
37 error No compatible version found: marko@4.13.4.1
37 error Valid install targets:
37 error 4.18.24, 4.18.23, 4.18.22, 4.18.21, 4.18.20, 4.18.19, 4.18.18, 4.18.17, 4.18.16, 4.18.15, 4.18.14, 4.18.13, 4.18.12, 4.18.11, 4.18.10, 4.18.9, 4.18.8, 4.18.7, 4.18.6, 4.18.5, 4.18.4, 4.18.3, 4.18.2, 4.18.1, 4.18.0, 4.17.5, 4.17.4, 4.17.3, 4.17.2, 4.17.1, 4.17.0, 4.16.15, 4.16.14, 4.16.13, 4.16.12, 4.16.11, 4.16.10, 4.16.9, 4.16.8, 4.16.7, 4.16.6, 4.16.5, 4.16.4, 4.16.3, 4.16.2, 4.16.1, 4.16.0, 4.15.6, 4.15.5, 4.15.4, 4.15.3, 4.15.2, 4.15.1, 4.15.0, 4.14.25, 4.14.25-1, 4.14.25-0, 4.14.24, 4.14.23, 4.14.22, 4.14.22-0, 4.14.21, 4.14.20, 4.14.19, 4.14.18, 4.14.17, 4.14.16, 4.14.15, 4.14.14, 4.14.13, 4.14.12, 4.14.11, 4.14.10, 4.14.9, 4.14.8, 4.14.7, 4.14.6, 4.14.5, 4.14.4, 4.14.3, 4.14.2, 4.14.1, 4.14.0, 4.13.13, 4.13.12, 4.13.11, 4.13.10, 4.13.9, 4.13.8, 4.13.7, 4.13.6, 4.13.6-1, 4.13.6-0, 4.13.5, 4.13.4, 4.13.4-4, 4.13.4-3, 4.13.4-1, 4.13.4-0, 4.13.3, 4.13.2, 4.13.1, 4.13.0, 4.12.5, 4.12.5-2, 4.12.5-0, 4.12.4, 4.12.3, 4.12.3-0, 4.12.2, 4.12.1, 4.12.0, 4.11.5, 4.11.4, 4.11.4-rc.1, 4.11.3, 4.11.2, 4.11.1, 4.11.0, 4.10.1, 4.10.0, 4.9.7, 4.9.6, 4.9.5, 4.9.4, 4.9.3, 4.9.2, 4.9.1, 4.9.0, 4.8.0, 4.7.5, 4.7.4, 4.7.3, 4.7.2, 4.7.1, 4.7.0, 4.6.0, 4.5.6, 4.5.5, 4.5.4, 4.5.3, 4.5.3-2, 4.5.3-1, 4.5.3-0, 4.5.2, 4.5.1, 4.5.0, 4.5.0-beta.5, 4.5.0-beta.4, 4.5.0-beta.3, 4.5.0-beta.2, 4.5.0-beta.1, 4.5.0-beta.0, 4.5.0-alpha.0, 4.4.28, 4.4.27, 4.4.26, 4.4.25, 4.4.24, 4.4.23, 4.4.22, 4.4.21, 4.4.20, 4.4.19, 4.4.18, 4.4.17, 4.4.16, 4.4.15, 4.4.14, 4.4.13, 4.4.12, 4.4.11, 4.4.10, 4.4.9, 4.4.8, 4.4.7, 4.4.6, 4.4.5, 4.4.4, 4.4.3, 4.4.2, 4.4.1, 4.3.1, 4.3.0, 4.3.0-beta.4, 4.3.0-beta.3, 4.3.0-beta.2, 4.3.0-beta.1, 4.3.0-beta.0, 4.3.0-beta, 4.2.8, 4.2.7, 4.2.6, 4.2.5, 4.2.4, 4.2.3, 4.2.2, 4.2.1, 4.2.0, 4.1.3, 4.1.2, 4.1.1, 4.1.0, 4.0.1, 4.0.0, 4.0.0-rc.24, 4.0.0-rc.23, 4.0.0-rc.22, 4.0.0-rc.21, 4.0.0-rc.20, 4.0.0-rc.19, 4.0.0-rc.18, 4.0.0-rc.17, 4.0.0-rc.16, 4.0.0-rc.15, 4.0.0-rc.14, 4.0.0-rc.13, 4.0.0-rc.12, 4.0.0-rc.11, 4.0.0-rc.10, 4.0.0-rc.9, 4.0.0-rc.8, 4.0.0-rc.7, 4.0.0-rc.6, 4.0.0-rc.5, 4.0.0-rc.4, 4.0.0-rc.3, 4.0.0-rc.2, 4.0.0-rc.1, 4.0.0-rc.0, 4.0.0-beta.17, 4.0.0-beta.16, 4.0.0-beta.15, 4.0.0-beta.14, 4.0.0-beta.13, 4.0.0-beta.12, 4.0.0-beta.11, 4.0.0-beta.10, 4.0.0-beta.9, 4.0.0-beta.8, 4.0.0-beta.7, 4.0.0-beta.6, 4.0.0-beta.5, 4.0.0-beta.4, 4.0.0-beta.3, 4.0.0-beta.2, 4.0.0-beta.1, 4.0.0-beta.0, 3.14.4, 3.14.3, 3.14.2, 3.14.1, 3.14.0, 3.13.2, 3.13.1, 3.13.0, 3.12.1, 3.12.0, 3.11.8, 3.11.7, 3.11.6, 3.11.5, 3.11.4, 3.11.3, 3.11.2, 3.11.1, 3.11.0, 3.10.1, 3.10.0, 3.9.4, 3.9.3, 3.9.2, 3.9.1, 3.9.0, 3.8.1, 3.8.0, 3.7.4, 3.7.3, 3.7.2, 3.7.1, 3.7.0, 3.6.2, 3.6.1, 3.6.0, 3.5.1, 3.5.0, 3.4.9, 3.4.8, 3.4.7, 3.4.6, 3.4.5, 3.4.4, 3.4.3, 3.4.2, 3.4.1, 3.4.0, 3.3.0, 3.2.0, 3.1.9, 3.1.8, 3.1.7, 3.1.6, 3.1.5, 3.1.4, 3.1.3, 3.1.2, 3.1.1, 3.1.0, 3.0.7, 3.0.6, 3.0.5, 3.0.4, 3.0.3, 3.0.2, 3.0.1, 3.0.0, 3.0.0-rc.3, 3.0.0-rc.2, 3.0.0-rc.1, 3.0.0-alpha.2, 3.0.0-alpha.1, 2.11.1, 2.11.0, 2.10.1, 2.10.0, 2.9.1, 2.9.0, 2.8.4, 2.8.3, 2.8.2, 2.8.1, 2.8.0, 2.7.31, 2.7.30, 2.7.29, 2.7.28, 2.7.27, 2.7.26, 2.7.25, 2.7.24, 2.7.23, 2.7.22, 2.7.21, 2.7.20, 2.7.19, 2.7.18, 2.7.17, 2.7.16, 2.7.15, 2.7.14, 2.7.13, 2.7.12, 2.7.11, 2.7.10, 2.7.9, 2.7.8, 2.7.7, 2.7.6, 2.7.5, 2.7.4, 2.7.3, 2.7.2, 2.7.1, 2.7.0, 2.6.0, 2.5.2, 2.5.1, 2.5.0, 2.4.3, 2.4.2, 2.4.1, 2.4.0, 2.3.2, 2.3.1, 2.3.0, 2.2.2, 2.2.1, 2.2.0, 2.1.6, 2.1.5, 2.1.4, 2.1.3, 2.1.2, 2.1.1, 2.1.0, 2.0.12, 2.0.11, 2.0.10, 2.0.9, 2.0.8, 2.0.7, 2.0.6, 2.0.5, 2.0.4, 2.0.3, 2.0.2, 2.0.1, 2.0.0, 1.6.11, 1.6.10, 1.6.9, 1.6.8, 1.6.7, 1.6.6, 1.6.5, 1.6.4, 1.6.3, 1.6.2, 1.6.1, 1.6.0, 1.5.8, 1.5.7, 1.5.6, 1.5.5, 1.5.4, 1.5.3, 1.5.2, 1.5.1, 1.4.0, 1.3.27, 1.3.26, 1.3.25, 1.3.24, 1.3.23, 1.3.22, 1.3.21, 1.3.20, 1.3.19, 1.3.18, 1.3.17, 1.3.16, 1.3.15, 1.3.14, 1.3.13, 1.3.12, 1.3.11, 1.3.10, 1.3.9, 1.3.8, 1.3.7, 1.3.6, 1.3.5, 1.3.4, 1.3.3, 1.3.2, 1.3.1, 1.3.0, 1.2.23, 1.2.22, 1.2.21, 1.2.20, 1.2.19, 1.2.18, 1.2.17, 1.2.16, 1.2.15, 1.2.14, 1.2.13, 1.2.12, 1.2.11, 1.2.10, 1.2.9, 1.2.8, 1.2.7, 1.2.6, 1.2.5, 1.2.4, 1.2.3, 1.2.2, 1.2.1, 1.2.0, 1.0.1-beta, 1.0.0-beta
38 error If you need help, you may report this error at:
38 error     <https://github.com/npm/npm/issues>
39 verbose exit [ 1, true ]
